This is pdfTeX, Version 3.1415926-2.4-1.40.13 (TeX Live 2012/Debian) (format=pdflatex 2012.10.19)  22 NOV 2012 10:27
entering extended mode
 restricted \write18 enabled.
 %&-line parsing enabled.
**manual.tex
(./manual.tex
LaTeX2e <2011/06/27>
Babel <v3.8m> and hyphenation patterns for english, dumylang, nohyphenation, fr
ench, basque, loaded.
(/home/louis/.texmf-config/tex/barticle.cls
Document Class: barticle 2001/04/15 v1.2 LaTeX document class for bangtex
(/home/louis/.texmf-config/tex/bangfont.tex)
(/home/louis/.texmf-config/tex/bsize12.clo
File: bsize12.clo 2001/04/15 v1.2 LaTeX document for bangtex
)
\c@part=\count79
\c@section=\count80
\c@subsection=\count81
\c@subsubsection=\count82
\c@paragraph=\count83
\c@subparagraph=\count84
\c@figure=\count85
\c@table=\count86
\abovecaptionskip=\skip41
\belowcaptionskip=\skip42
\bibindent=\dimen102
)
(/home/louis/.texmf-config/tex/mathbang.sty
Package: mathbang 2002/06/01 Math Bangla package v1.0 (pbp)
\symbang=\mathgroup4
) (./manual.aux)
\openout1 = `manual.aux'.

LaTeX Font Info:    Checking defaults for OML/cmm/m/it on input line 25.
LaTeX Font Info:    ... okay on input line 25.
LaTeX Font Info:    Checking defaults for T1/cmr/m/n on input line 25.
LaTeX Font Info:    ... okay on input line 25.
LaTeX Font Info:    Checking defaults for OT1/cmr/m/n on input line 25.
LaTeX Font Info:    ... okay on input line 25.
LaTeX Font Info:    Checking defaults for OMS/cmsy/m/n on input line 25.
LaTeX Font Info:    ... okay on input line 25.
LaTeX Font Info:    Checking defaults for OMX/cmex/m/n on input line 25.
LaTeX Font Info:    ... okay on input line 25.
LaTeX Font Info:    Checking defaults for U/cmr/m/n on input line 25.
LaTeX Font Info:    ... okay on input line 25.
LaTeX Font Info:    External font `cmex10' loaded for size
(Font)              <17.28> on input line 30.
LaTeX Font Info:    External font `cmex10' loaded for size
(Font)              <12> on input line 30.
LaTeX Font Info:    Try loading font information for U+bang on input line 30.
LaTeX Font Info:    No file Ubang.fd. on input line 30.


LaTeX Font Warning: Font shape `U/bang/m/n' undefined
(Font)              using `U/cmr/m/n' instead on input line 30.

[1

{/var/lib/texmf/fonts/map/pdftex/updmap/pdftex.map}] (./manual.toc)
\tf@toc=\write3
\openout3 = `manual.toc'.

 [2]
LaTeX Font Info:    External font `cmex10' loaded for size
(Font)              <8> on input line 53.
LaTeX Font Info:    External font `cmex10' loaded for size
(Font)              <6> on input line 53.

[3] [4] [5] [6] [7]
Underfull \hbox (badness 1014) in paragraph at lines 596--599
[]\bngxii Juk/tobYoNJ/joo[]enr kotha Aao[]elacona ko-rar Aao[]eg Aar EkTu o[]el
kha Ao[]ebhYs koo[]er o[]enOya Jak. Ebao[]er sub-haSh
 []

[8] [9] [10] [11] [12] [13] [14] [15] [16]
LaTeX Font Info:    Try loading font information for OMS+cmtt on input line 141
5.
LaTeX Font Info:    No file OMScmtt.fd. on input line 1415.


LaTeX Font Warning: Font shape `OMS/cmtt/m/n' undefined
(Font)              using `OMS/cmsy/m/n' instead
(Font)              for symbol `textbraceleft' on input line 1415.

Missing character: There is no ^^@ in font bang10!
Missing character: There is no ^^C in font bang10!
Missing character: There is no ^^D in font bang10!
Missing character: There is no ^^E in font bang10!
Missing character: There is no ^^F in font bang10!
Missing character: There is no ^^G in font bang10!
Missing character: There is no 
 in font bang10!
Missing character: There is no  in font bang10!
Missing character: There is no ^^L in font bang10!
Missing character: There is no ^^P in font bang10!
Missing character: There is no ^^Q in font bang10!
Missing character: There is no ^^R in font bang10!
Missing character: There is no ^^S in font bang10!
Missing character: There is no ^^T in font bang10!
Missing character: There is no ^^U in font bang10!
Missing character: There is no ^^\ in font bang10!
Missing character: There is no ^^] in font bang10!
Missing character: There is no ^^^ in font bang10!
Missing character: There is no ^^_ in font bang10!
Missing character: There is no   in font bang10!
Missing character: There is no " in font bang10!
Missing character: There is no # in font bang10!
Missing character: There is no & in font bang10!
Missing character: There is no < in font bang10!
Missing character: There is no > in font bang10!
Missing character: There is no @ in font bang10!
Missing character: There is no V in font bang10!
Missing character: There is no \ in font bang10!
Missing character: There is no ^ in font bang10!
Missing character: There is no _ in font bang10!
Missing character: There is no { in font bang10!
Missing character: There is no } in font bang10!
Missing character: There is no ~ in font bang10!
Missing character: There is no ^^? in font bang10!
Missing character: There is no Ç in font bang10!
Missing character: There is no ü in font bang10!
Missing character: There is no å in font bang10!
Missing character: There is no ç in font bang10!
Missing character: There is no è in font bang10!
Missing character: There is no ï in font bang10!
Missing character: There is no İ in font bang10!
Missing character: There is no Ø in font bang10!
Missing character: There is no Ş in font bang10!
Missing character: There is no ş in font bang10!
Missing character: There is no ╝ in font bang10!
Missing character: There is no ┐ in font bang10!
Missing character: There is no ¸ in font bang10!
Missing character: There is no ° in font bang10!
Missing character: There is no ¨ in font bang10!
Missing character: There is no · in font bang10!
Missing character: There is no ¹ in font bang10!
Missing character: There is no ³ in font bang10!
Missing character: There is no ² in font bang10!
Missing character: There is no ■ in font bang10!
Missing character: There is no   in font bang10!
[17]
Missing character: There is no ^^@ in font bangsl10!
Missing character: There is no ^^C in font bangsl10!
Missing character: There is no ^^D in font bangsl10!
Missing character: There is no ^^E in font bangsl10!
Missing character: There is no ^^F in font bangsl10!
Missing character: There is no ^^G in font bangsl10!
Missing character: There is no 
 in font bangsl10!
Missing character: There is no  in font bangsl10!
Missing character: There is no ^^L in font bangsl10!
Missing character: There is no ^^P in font bangsl10!
Missing character: There is no ^^Q in font bangsl10!
Missing character: There is no ^^R in font bangsl10!
Missing character: There is no ^^S in font bangsl10!
Missing character: There is no ^^T in font bangsl10!
Missing character: There is no ^^U in font bangsl10!
Missing character: There is no ^^\ in font bangsl10!
Missing character: There is no ^^] in font bangsl10!
Missing character: There is no ^^^ in font bangsl10!
Missing character: There is no ^^_ in font bangsl10!
Missing character: There is no   in font bangsl10!
Missing character: There is no " in font bangsl10!
Missing character: There is no # in font bangsl10!
Missing character: There is no & in font bangsl10!
Missing character: There is no < in font bangsl10!
Missing character: There is no > in font bangsl10!
Missing character: There is no @ in font bangsl10!
Missing character: There is no V in font bangsl10!
Missing character: There is no \ in font bangsl10!
Missing character: There is no ^ in font bangsl10!
Missing character: There is no _ in font bangsl10!
Missing character: There is no { in font bangsl10!
Missing character: There is no } in font bangsl10!
Missing character: There is no ~ in font bangsl10!
Missing character: There is no ^^? in font bangsl10!
Missing character: There is no Ç in font bangsl10!
Missing character: There is no ü in font bangsl10!
Missing character: There is no å in font bangsl10!
Missing character: There is no ç in font bangsl10!
Missing character: There is no è in font bangsl10!
Missing character: There is no ï in font bangsl10!
Missing character: There is no İ in font bangsl10!
Missing character: There is no Ø in font bangsl10!
Missing character: There is no Ş in font bangsl10!
Missing character: There is no ş in font bangsl10!
Missing character: There is no ╝ in font bangsl10!
Missing character: There is no ┐ in font bangsl10!
Missing character: There is no ¸ in font bangsl10!
Missing character: There is no ° in font bangsl10!
Missing character: There is no ¨ in font bangsl10!
Missing character: There is no · in font bangsl10!
Missing character: There is no ¹ in font bangsl10!
Missing character: There is no ³ in font bangsl10!
Missing character: There is no ² in font bangsl10!
Missing character: There is no ■ in font bangsl10!
Missing character: There is no   in font bangsl10!
Missing character: There is no ^^@ in font bangwd10!
Missing character: There is no ^^C in font bangwd10!
Missing character: There is no ^^D in font bangwd10!
Missing character: There is no ^^E in font bangwd10!
Missing character: There is no ^^F in font bangwd10!
Missing character: There is no ^^G in font bangwd10!
Missing character: There is no 
 in font bangwd10!
Missing character: There is no  in font bangwd10!
Missing character: There is no ^^L in font bangwd10!
Missing character: There is no ^^P in font bangwd10!
Missing character: There is no ^^Q in font bangwd10!
Missing character: There is no ^^R in font bangwd10!
Missing character: There is no ^^S in font bangwd10!
Missing character: There is no ^^T in font bangwd10!
Missing character: There is no ^^U in font bangwd10!
Missing character: There is no ^^\ in font bangwd10!
Missing character: There is no ^^] in font bangwd10!
Missing character: There is no ^^^ in font bangwd10!
Missing character: There is no ^^_ in font bangwd10!
Missing character: There is no   in font bangwd10!
Missing character: There is no " in font bangwd10!
Missing character: There is no # in font bangwd10!
Missing character: There is no & in font bangwd10!
Missing character: There is no < in font bangwd10!
Missing character: There is no > in font bangwd10!
Missing character: There is no @ in font bangwd10!
Missing character: There is no V in font bangwd10!
Missing character: There is no \ in font bangwd10!
Missing character: There is no ^ in font bangwd10!
Missing character: There is no _ in font bangwd10!
Missing character: There is no { in font bangwd10!
Missing character: There is no } in font bangwd10!
Missing character: There is no ~ in font bangwd10!
Missing character: There is no ^^? in font bangwd10!
Missing character: There is no Ç in font bangwd10!
Missing character: There is no ü in font bangwd10!
Missing character: There is no å in font bangwd10!
Missing character: There is no ç in font bangwd10!
Missing character: There is no è in font bangwd10!
Missing character: There is no ï in font bangwd10!
Missing character: There is no İ in font bangwd10!
Missing character: There is no Ø in font bangwd10!
Missing character: There is no Ş in font bangwd10!
Missing character: There is no ş in font bangwd10!
Missing character: There is no ╝ in font bangwd10!
Missing character: There is no ┐ in font bangwd10!
Missing character: There is no ¸ in font bangwd10!
Missing character: There is no ° in font bangwd10!
Missing character: There is no ¨ in font bangwd10!
Missing character: There is no · in font bangwd10!
Missing character: There is no ¹ in font bangwd10!
Missing character: There is no ³ in font bangwd10!
Missing character: There is no ² in font bangwd10!
Missing character: There is no ■ in font bangwd10!
Missing character: There is no   in font bangwd10!
 [18]
! Undefined control sequence.
\newfont ->\bnhxiv 
                   
l.1540 ...t{\Large\tt banghl10.mf}{phNNapa Horoph}
                                                  
? x
 
Here is how much of TeX's memory you used:
 362 strings out of 495030
 3466 string characters out of 3180760
 97467 words of memory out of 3000000
 3613 multiletter control sequences out of 15000+200000
 28487 words of font info for 70 fonts, out of 3000000 for 9000
 14 hyphenation exceptions out of 8191
 22i,9n,19p,193b,260s stack positions out of 5000i,500n,10000p,200000b,50000s
 </home/louis/.texmf-var/fonts/pk/ljfour/bangla/bangsl10.720pk> </home/louis/.t
exmf-var/fonts/pk/ljfour/bangla/bang10.1500pk> </home/louis/.texmf-var/fonts/pk
/ljfour/bangla/bang10.720pk> </home/louis/.texmf-var/fonts/pk/ljfour/bangla/ban
g10.1080pk> </home/louis/.texmf-var/fonts/pk/ljfour/bangla/bang10.1320pk></usr/
share/texlive/texmf-dist/fonts/type1/public/amsfonts/cm/cmbx12.pfb></usr/share/
texlive/texmf-dist/fonts/type1/public/amsfonts/cm/cmmi12.pfb></usr/share/texliv
e/texmf-dist/fonts/type1/public/amsfonts/cm/cmr12.pfb></usr/share/texlive/texmf
-dist/fonts/type1/public/amsfonts/cm/cmr17.pfb></usr/share/texlive/texmf-dist/f
onts/type1/public/amsfonts/cm/cmr8.pfb></usr/share/texlive/texmf-dist/fonts/typ
e1/public/amsfonts/cm/cmsy10.pfb></usr/share/texlive/texmf-dist/fonts/type1/pub
lic/amsfonts/cm/cmtt12.pfb>
Output written on manual.pdf (18 pages, 325633 bytes).
PDF statistics:
 636 PDF objects out of 1000 (max. 8388607)
 82 compressed objects within 1 object stream
 0 named destinations out of 1000 (max. 500000)
 1 words of extra memory for PDF output out of 10000 (max. 10000000)

