This is pdfTeX, Version 3.1415926-1.40.10 (TeX Live 2009/Debian) (format=latex 2010.4.20)  26 APR 2010 10:33
entering extended mode
 restricted \write18 enabled.
 %&-line parsing enabled.
**arydshln-man
(./arydshln-man.tex
LaTeX2e <2009/09/24>
Babel <v3.8l> and hyphenation patterns for english, usenglishmax, dumylang, noh
yphenation, french, basque, loaded.
File: arydshln-man.tex 2004/08/31 v1.71 
(/usr/share/texmf-texlive/tex/latex/base/ltxdoc.cls
Document Class: ltxdoc 2007/11/11 v2.0u Standard LaTeX documentation class
(/usr/share/texmf-texlive/tex/latex/base/article.cls
Document Class: article 2007/10/19 v1.4h Standard LaTeX document class
(/usr/share/texmf-texlive/tex/latex/base/size10.clo
File: size10.clo 2007/10/19 v1.4h Standard LaTeX file (size option)
)
\c@part=\count79
\c@section=\count80
\c@subsection=\count81
\c@subsubsection=\count82
\c@paragraph=\count83
\c@subparagraph=\count84
\c@figure=\count85
\c@table=\count86
\abovecaptionskip=\skip41
\belowcaptionskip=\skip42
\bibindent=\dimen102
)
(/usr/share/texmf-texlive/tex/latex/base/doc.sty
Package: doc 2006/02/02 v2.1d Standard LaTeX documentation package (FMi)
\c@StandardModuleDepth=\count87
\guard@level=\count88
\MacrocodeTopsep=\skip43
\MacroIndent=\dimen103
\macro@cnt=\count89
\MacroTopsep=\skip44
\index@excludelist=\toks14

(/usr/share/texmf-texlive/tex/latex/tools/multicol.sty
Package: multicol 2008/12/05 v1.6h multicolumn formatting (FMi)
\c@tracingmulticols=\count90
\mult@box=\box26
\multicol@leftmargin=\dimen104
\c@unbalance=\count91
\c@collectmore=\count92
\doublecol@number=\count93
\multicoltolerance=\count94
\multicolpretolerance=\count95
\full@width=\dimen105
\page@free=\dimen106
\premulticols=\dimen107
\postmulticols=\dimen108
\multicolsep=\skip45
\multicolbaselineskip=\skip46
\partial@page=\box27
\last@line=\box28
\mult@rightbox=\box29
\mult@grightbox=\box30
\mult@gfirstbox=\box31
\mult@firstbox=\box32
\@tempa=\box33
\@tempa=\box34
\@tempa=\box35
\@tempa=\box36
\@tempa=\box37
\@tempa=\box38
\@tempa=\box39
\@tempa=\box40
\@tempa=\box41
\@tempa=\box42
\@tempa=\box43
\@tempa=\box44
\@tempa=\box45
\@tempa=\box46
\@tempa=\box47
\@tempa=\box48
\@tempa=\box49
\c@columnbadness=\count96
\c@finalcolumnbadness=\count97
\last@try=\dimen109
\multicolovershoot=\dimen110
\multicolundershoot=\dimen111
\mult@nat@firstbox=\box50
\colbreak@box=\box51
)
\IndexMin=\dimen112
\c@IndexColumns=\count98
\GlossaryMin=\dimen113
\c@GlossaryColumns=\count99
\check@sum=\count100
\bslash@cnt=\count101
\wrong@table=\toks15
\c@CodelineNo=\count102
)) (./arydshln.sty
Package: arydshln 2004/08/31 v1.71 
\dashlinedash=\dimen114
\dashlinegap=\dimen115
\adl@box=\box52
\adl@height=\dimen116
\adl@heightsave=\dimen117
\adl@depth=\dimen118
\adl@depthsave=\dimen119
\adl@finaldepth=\dimen120
\adl@columns=\count103
\adl@ncol=\count104
\adl@currentcolumn=\count105
\adl@currentcolumnsave=\count106
\adl@totalheight=\count107
\adl@totalheightsave=\count108
\adl@dash=\count109
\adl@gap=\count110
\adl@cla=\count111
\adl@clb=\count112
\adl@everyvbox=\toks16
\adl@LTpagetotal=\dimen121
)
\@indexfile=\write3
\openout3 = `arydshln-man.idx'.


Writing index file arydshln-man.idx
\@glossaryfile=\write4
\openout4 = `arydshln-man.glo'.

Writing glossary file arydshln-man.glo 
(./arydshln-man.aux)
\openout1 = `arydshln-man.aux'.

LaTeX Font Info:    Checking defaults for OML/cmm/m/it on input line 59.
LaTeX Font Info:    ... okay on input line 59.
LaTeX Font Info:    Checking defaults for T1/cmr/m/n on input line 59.
LaTeX Font Info:    ... okay on input line 59.
LaTeX Font Info:    Checking defaults for OT1/cmr/m/n on input line 59.
LaTeX Font Info:    ... okay on input line 59.
LaTeX Font Info:    Checking defaults for OMS/cmsy/m/n on input line 59.
LaTeX Font Info:    ... okay on input line 59.
LaTeX Font Info:    Checking defaults for OMX/cmex/m/n on input line 59.
LaTeX Font Info:    ... okay on input line 59.
LaTeX Font Info:    Checking defaults for U/cmr/m/n on input line 59.
LaTeX Font Info:    ... okay on input line 59.
Package doc Info: Made | a short reference for \verb on input line 59.
 (./arydshln.dtx
***************************
* Character table correct *
***************************
File: arydshln.dtx 2004/08/31 v1.71 
Package doc Info: | already a short reference for \verb(*) on input line 62.
\ChangesCounter=\count113
LaTeX Font Info:    External font `cmex10' loaded for size
(Font)              <17.28> on input line 312.
LaTeX Font Info:    External font `cmex10' loaded for size
(Font)              <12> on input line 312.
LaTeX Font Info:    External font `cmex10' loaded for size
(Font)              <8> on input line 312.
LaTeX Font Info:    External font `cmex10' loaded for size
(Font)              <6> on input line 312.
LaTeX Font Info:    External font `cmex10' loaded for size
(Font)              <5> on input line 312.
LaTeX Font Info:    External font `cmex10' loaded for size
(Font)              <9> on input line 315.
(./arydshln-man.toc
LaTeX Font Info:    External font `cmex10' loaded for size
(Font)              <7> on input line 3.
)
\tf@toc=\write5
\openout5 = `arydshln-man.toc'.

 [1

] [2]
LaTeX Font Info:    Try loading font information for OMS+cmr on input line 501.

 (/usr/share/texmf-texlive/tex/latex/base/omscmr.fd
File: omscmr.fd 1999/05/25 v2.5h Standard LaTeX font definitions
)
LaTeX Font Info:    Font shape `OMS/cmr/m/n' in size <10> not available
(Font)              Font shape `OMS/cmsy/m/n' tried instead on input line 501.
 [3] [4] [5] [6] [7]
No file arydshln-man.ind.
) [8] (./arydshln-man.aux) ) 
Here is how much of TeX's memory you used:
 885 strings out of 495029
 10858 string characters out of 1181252
 67805 words of memory out of 3000000
 4110 multiletter control sequences out of 15000+50000
 11490 words of font info for 41 fonts, out of 3000000 for 9000
 28 hyphenation exceptions out of 8191
 30i,11n,21p,232b,253s stack positions out of 5000i,500n,10000p,200000b,50000s

Output written on arydshln-man.dvi (8 pages, 37812 bytes).
